<?xml version="1.0" encoding="UTF-8"?>
<!-- Generated by org.testng.reporters.JUnitXMLReporter -->
<testsuite ignored="0" hostname="INL1YV7QDF" failures="0" tests="3" name="Default test" time="80.072" errors="0" timestamp="2024-07-07T09:04:52 IST">
  <testcase classname="Framework.Tests.SubmitOrderTest" name="submitOrder" time="25.922"/>
  <testcase classname="Framework.Tests.SubmitOrderTest" name="submitOrder" time="25.905"/>
  <testcase classname="Framework.Tests.SubmitOrderTest" name="OrderHistoryTest" time="0.646"/>
</testsuite> <!-- Default test -->
