<?xml version="1.0" encoding="UTF-8"?>
<!-- Generated by org.testng.reporters.JUnitXMLReporter -->
<testsuite ignored="0" hostname="INL1YV7QDF" failures="0" tests="3" name="SubmitOrderTest" time="63.053" errors="0" timestamp="2024-07-09T06:44:47 IST">
  <testcase classname="Framework.Tests.SubmitOrderTest" name="submitOrder" time="26.242"/>
  <testcase classname="Framework.Tests.SubmitOrderTest" name="submitOrder" time="14.748"/>
  <testcase classname="Framework.Tests.SubmitOrderTest" name="OrderHistoryTest" time="1.142"/>
</testsuite> <!-- SubmitOrderTest -->
