<?xml version="1.0" encoding="UTF-8"?>
<testng-results ignored="0" total="3" passed="3" failed="0" skipped="0">
  <reporter-output>
  </reporter-output>
  <suite started-at="2024-07-07T09:03:32 IST" name="Default suite" finished-at="2024-07-07T09:04:52 IST" duration-ms="80072">
    <groups>
      <group name="Purchase">
        <method signature="SubmitOrderTest.submitOrder(java.util.HashMap)[pri:0, instance:Framework.Tests.SubmitOrderTest@750e2b97]" name="submitOrder" class="Framework.Tests.SubmitOrderTest"/>
      </group> <!-- Purchase -->
    </groups>
    <test started-at="2024-07-07T09:03:32 IST" name="Default test" finished-at="2024-07-07T09:04:52 IST" duration-ms="80072">
      <class name="Framework.Tests.SubmitOrderTest">
        <test-method is-config="true" signature="launchApplication()[pri:0, instance:Framework.Tests.SubmitOrderTest@750e2b97]" started-at="2024-07-07T09:03:33 IST" name="launchApplication" finished-at="2024-07-07T09:03:41 IST" duration-ms="8896" status="PASS">
          <reporter-output>
          </reporter-output>
        </test-method> <!-- launchApplication -->
        <test-method signature="submitOrder(java.util.HashMap)[pri:0, instance:Framework.Tests.SubmitOrderTest@750e2b97]" started-at="2024-07-07T09:03:41 IST" name="submitOrder" data-provider="getData" finished-at="2024-07-07T09:04:07 IST" duration-ms="25922" status="PASS">
          <params>
            <param index="0">
              <value>
                <![CDATA[{password=Test@123, product=ZARA COAT 3, email=abdeveliers@gmail.com}]]>
              </value>
            </param>
          </params>
          <reporter-output>
          </reporter-output>
        </test-method> <!-- submitOrder -->
        <test-method is-config="true" signature="tearDown()[pri:0, instance:Framework.Tests.SubmitOrderTest@750e2b97]" started-at="2024-07-07T09:04:07 IST" name="tearDown" finished-at="2024-07-07T09:04:09 IST" duration-ms="1518" status="PASS">
          <reporter-output>
          </reporter-output>
        </test-method> <!-- tearDown -->
        <test-method is-config="true" signature="launchApplication()[pri:0, instance:Framework.Tests.SubmitOrderTest@750e2b97]" started-at="2024-07-07T09:04:09 IST" name="launchApplication" finished-at="2024-07-07T09:04:16 IST" duration-ms="7150" status="PASS">
          <reporter-output>
          </reporter-output>
        </test-method> <!-- launchApplication -->
        <test-method signature="submitOrder(java.util.HashMap)[pri:0, instance:Framework.Tests.SubmitOrderTest@750e2b97]" started-at="2024-07-07T09:04:16 IST" name="submitOrder" data-provider="getData" finished-at="2024-07-07T09:04:42 IST" duration-ms="25905" status="PASS">
          <params>
            <param index="0">
              <value>
                <![CDATA[{password=Test@123, product=ADIDAS ORIGINAL, email=msdhoni@yopmail.com}]]>
              </value>
            </param>
          </params>
          <reporter-output>
          </reporter-output>
        </test-method> <!-- submitOrder -->
        <test-method is-config="true" signature="tearDown()[pri:0, instance:Framework.Tests.SubmitOrderTest@750e2b97]" started-at="2024-07-07T09:04:42 IST" name="tearDown" finished-at="2024-07-07T09:04:43 IST" duration-ms="1246" status="PASS">
          <reporter-output>
          </reporter-output>
        </test-method> <!-- tearDown -->
        <test-method is-config="true" signature="launchApplication()[pri:0, instance:Framework.Tests.SubmitOrderTest@750e2b97]" started-at="2024-07-07T09:04:43 IST" name="launchApplication" finished-at="2024-07-07T09:04:50 IST" duration-ms="7015" status="PASS">
          <reporter-output>
          </reporter-output>
        </test-method> <!-- launchApplication -->
        <test-method signature="OrderHistoryTest()[pri:0, instance:Framework.Tests.SubmitOrderTest@750e2b97]" started-at="2024-07-07T09:04:50 IST" name="OrderHistoryTest" finished-at="2024-07-07T09:04:51 IST" depends-on-methods="Framework.Tests.SubmitOrderTest.submitOrder" duration-ms="646" status="PASS">
          <reporter-output>
          </reporter-output>
        </test-method> <!-- OrderHistoryTest -->
        <test-method is-config="true" signature="tearDown()[pri:0, instance:Framework.Tests.SubmitOrderTest@750e2b97]" started-at="2024-07-07T09:04:51 IST" name="tearDown" finished-at="2024-07-07T09:04:52 IST" duration-ms="1363" status="PASS">
          <reporter-output>
          </reporter-output>
        </test-method> <!-- tearDown -->
      </class> <!-- Framework.Tests.SubmitOrderTest -->
    </test> <!-- Default test -->
  </suite> <!-- Default suite -->
</testng-results>
